<?xml version="1.0" encoding="UTF-8"?>
<!-- Generated by org.testng.reporters.JUnitReportReporter -->
<testsuite hostname="Pritam-h17" failures="0" tests="1" name="PetStore.orders" time="3.009" errors="0" timestamp="2025-01-26T21:02:10 IST" skipped="0">
  <testcase classname="PetStore.orders" name="DeletePurchaseId" time="3.009"/>
</testsuite> <!-- PetStore.orders -->
